<?xml version="1.0" encoding="UTF-8"?>
<!-- Generated by org.testng.reporters.JUnitXMLReporter -->
<testsuite ignored="1" hostname="ISBLT-9310" failures="0" tests="8" name=" Super Admin Create Admin " time="34.004" errors="0" timestamp="2023-07-13T13:54:08 PKT">
  <testcase classname="com.apdr.testcases.SuperAdmin" name="loginToApDr" time="12.937"/>
  <testcase classname="com.apdr.testcases.AddAdminUser" name="hover_Over_AddUser_Link" time="2.885"/>
  <testcase classname="com.apdr.testcases.AddAdminUser" name="add_Role_For_Users" time="0.223"/>
  <testcase classname="com.apdr.testcases.AddAdminUser" name="select_Users_role" time="2.206"/>
  <testcase classname="com.apdr.testcases.AddAdminUser" name="add_Org_Name_And_Org_Id" time="0.139"/>
  <testcase classname="com.apdr.testcases.AddAdminUser" name="add_User_MDMID" time="0.062"/>
  <testcase classname="com.apdr.testcases.AddAdminUser" name="add_User_Informtion" time="0.202"/>
  <testcase classname="com.apdr.testcases.AddAdminUser" name="click_On_Create_New_Account_Button" time="6.765"/>
  <testcase classname="com.apdr.setup.TestBase" name="@BeforeTest initialization" time="0.0">
    <ignored/>
  </testcase> <!-- @BeforeTest initialization -->
</testsuite> <!--  Super Admin Create Admin  -->
