<?xml version="1.0" encoding="UTF-8"?>
<!-- Generated by org.testng.reporters.JUnitXMLReporter -->
<testsuite ignored="5" hostname="ISBLT-9310" failures="0" tests="13" name=" TestCases for Customer Support Role " time="64.058" errors="0" timestamp="2023-07-13T16:06:55 PKT">
  <testcase classname="com.apdr.testcases.CustomerSupport" name="loginToApDr" time="9.171"/>
  <testcase classname="com.apdr.testcases.BannerContent" name="hover_Over_Content_Button" time="2.416"/>
  <testcase classname="com.apdr.testcases.BannerContent" name="Banner_Title_Text" time="0.103"/>
  <testcase classname="com.apdr.testcases.BannerContent" name="click_On_Save_Button" time="6.252"/>
  <testcase classname="com.apdr.testcases.Guidedownload" name="Click_On_Reference_Button" time="11.21"/>
  <testcase classname="com.apdr.testcases.AddAuthor" name="hover_Over_AddUser_Link" time="2.778"/>
  <testcase classname="com.apdr.testcases.AddAuthor" name="add_Role_For_Users" time="0.207"/>
  <testcase classname="com.apdr.testcases.AddAuthor" name="select_Users_role" time="7.192"/>
  <testcase classname="com.apdr.testcases.AddAuthor" name="add_Org_Name_And_Org_Id" time="5.207"/>
  <testcase classname="com.apdr.testcases.AddCustomer" name="hover_Over_AddUser_Link" time="1.057"/>
  <testcase classname="com.apdr.testcases.AddCustomer" name="add_Role_For_Users" time="0.192"/>
  <testcase classname="com.apdr.testcases.AddCustomer" name="select_Users_role" time="7.179"/>
  <testcase classname="com.apdr.testcases.AddCustomer" name="add_Org_Name_And_Org_Id" time="4.744"/>
  <testcase classname="com.apdr.setup.TestBase" name="@BeforeTest initialization" time="0.0">
    <ignored/>
  </testcase> <!-- @BeforeTest initialization -->
  <testcase classname="com.apdr.setup.TestBase" name="@BeforeTest initialization" time="0.0">
    <ignored/>
  </testcase> <!-- @BeforeTest initialization -->
  <testcase classname="com.apdr.testcases.BannerContent" name="Banner_Link" time="0.0">
    <ignored/>
  </testcase> <!-- Banner_Link -->
  <testcase classname="com.apdr.setup.TestBase" name="@BeforeTest initialization" time="0.0">
    <ignored/>
  </testcase> <!-- @BeforeTest initialization -->
  <testcase classname="com.apdr.setup.TestBase" name="@BeforeTest initialization" time="0.0">
    <ignored/>
  </testcase> <!-- @BeforeTest initialization -->
</testsuite> <!--  TestCases for Customer Support Role  -->
