<?xml version="1.0" encoding="UTF-8"?>
<!-- Generated by org.testng.reporters.JUnitXMLReporter -->
<testsuite ignored="5" hostname="ISBLT-9310" failures="0" tests="13" name=" TestCases for Customer Support Role " time="54.9" errors="0" timestamp="2023-07-12T21:31:18 PKT">
  <testcase classname="com.apdr.testcases.CustomerSupport" name="loginToApDr" time="10.375"/>
  <testcase classname="com.apdr.testcases.BannerContent" name="hover_Over_Content_Button" time="2.037"/>
  <testcase classname="com.apdr.testcases.BannerContent" name="Banner_Title_Text" time="0.103"/>
  <testcase classname="com.apdr.testcases.BannerContent" name="click_On_Save_Button" time="5.839"/>
  <testcase classname="com.apdr.testcases.Guidedownload" name="Click_On_Reference_Button" time="11.312"/>
  <testcase classname="com.apdr.testcases.AddAuthor" name="hover_Over_AddUser_Link" time="2.538"/>
  <testcase classname="com.apdr.testcases.AddAuthor" name="add_Role_For_Users" time="0.203"/>
  <testcase classname="com.apdr.testcases.AddAuthor" name="select_Users_role" time="2.198"/>
  <testcase classname="com.apdr.testcases.AddAuthor" name="add_Org_Name_And_Org_Id" time="5.931"/>
  <testcase classname="com.apdr.testcases.AddCustomer" name="hover_Over_AddUser_Link" time="0.716"/>
  <testcase classname="com.apdr.testcases.AddCustomer" name="add_Role_For_Users" time="0.227"/>
  <testcase classname="com.apdr.testcases.AddCustomer" name="select_Users_role" time="2.2"/>
  <testcase classname="com.apdr.testcases.AddCustomer" name="add_Org_Name_And_Org_Id" time="4.974"/>
  <testcase classname="com.apdr.setup.TestBase" name="@BeforeTest initialization" time="0.0">
    <ignored/>
  </testcase> <!-- @BeforeTest initialization -->
  <testcase classname="com.apdr.setup.TestBase" name="@BeforeTest initialization" time="0.0">
    <ignored/>
  </testcase> <!-- @BeforeTest initialization -->
  <testcase classname="com.apdr.setup.TestBase" name="@BeforeTest initialization" time="0.0">
    <ignored/>
  </testcase> <!-- @BeforeTest initialization -->
  <testcase classname="com.apdr.setup.TestBase" name="@BeforeTest initialization" time="0.0">
    <ignored/>
  </testcase> <!-- @BeforeTest initialization -->
  <testcase classname="com.apdr.testcases.BannerContent" name="Banner_Link" time="0.0">
    <ignored/>
  </testcase> <!-- Banner_Link -->
</testsuite> <!--  TestCases for Customer Support Role  -->
