<?xml version="1.0" encoding="UTF-8"?>
<!-- Generated by org.testng.reporters.JUnitXMLReporter -->
<testsuite ignored="6" hostname="ISBLT-9310" failures="0" tests="35" name=" TestCases for Admin Role " time="83.875" errors="0" timestamp="2023-07-06T20:51:36 PKT">
  <testcase classname="com.apdr.testcases.LogInTestCases" name="loginToApDr" time="9.058"/>
  <testcase classname="com.apdr.testcases.AddAudioContent" name="hover_Over_Content_Button" time="0.95"/>
  <testcase classname="com.apdr.testcases.AddAudioContent" name="addVideoContent" time="2.131"/>
  <testcase classname="com.apdr.testcases.AddAudioContent" name="add_Slug_Speaker_Intro_For_Audio" time="0.248"/>
  <testcase classname="com.apdr.testcases.AddAudioContent" name="addVideoFile" time="2.04"/>
  <testcase classname="com.apdr.testcases.AddAudioContent" name="clickOnSaveButton" time="6.336"/>
  <testcase classname="com.apdr.testcases.NewsAlertContent" name="hover_Over_Content_Button" time="0.776"/>
  <testcase classname="com.apdr.testcases.NewsAlertContent" name="addVideoContent" time="1.338"/>
  <testcase classname="com.apdr.testcases.NewsAlertContent" name="add_News_Alert_Slug" time="0.062"/>
  <testcase classname="com.apdr.testcases.NewsAlertContent" name="add__Alert_News" time="0.076"/>
  <testcase classname="com.apdr.testcases.NewsAlertContent" name="add_DateLine_For_News_Alert" time="0.06"/>
  <testcase classname="com.apdr.testcases.NewsAlertContent" name="select_News_Alert_Category" time="0.103"/>
  <testcase classname="com.apdr.testcases.NewsAlertContent" name="add_EdsNote_For_News_Alert" time="0.064"/>
  <testcase classname="com.apdr.testcases.NewsAlertContent" name="click_Save_Button" time="1.68"/>
  <testcase classname="com.apdr.testcases.AddNewsStoryContent" name="hover_Over_Content_Button" time="0.807"/>
  <testcase classname="com.apdr.testcases.AddNewsStoryContent" name="clickOnNewsStoryLink" time="1.032"/>
  <testcase classname="com.apdr.testcases.AddNewsStoryContent" name="addSlugForNewStory" time="0.07"/>
  <testcase classname="com.apdr.testcases.AddNewsStoryContent" name="addheadLineForNewStory" time="0.072"/>
  <testcase classname="com.apdr.testcases.AddNewsStoryContent" name="addsummaryForNewStory" time="0.051"/>
  <testcase classname="com.apdr.testcases.AddNewsStoryContent" name="addbodyForNewStory" time="0.064"/>
  <testcase classname="com.apdr.testcases.AddNewsStoryContent" name="addByLineAndByTitleForNewStory" time="0.128"/>
  <testcase classname="com.apdr.testcases.AddNewsStoryContent" name="adddateLineForNewStory" time="0.087"/>
  <testcase classname="com.apdr.testcases.AddNewsStoryContent" name="selectNewsStoryCategory" time="0.102"/>
  <testcase classname="com.apdr.testcases.AddNewsStoryContent" name="addEdsNoteForNewStory" time="0.047"/>
  <testcase classname="com.apdr.testcases.AddNewsStoryContent" name="clickOnSaveButton" time="4.077"/>
  <testcase classname="com.apdr.testcases.AddPhotoContent" name="hover_Over_Content_Button" time="0.8"/>
  <testcase classname="com.apdr.testcases.AddPhotoContent" name="addPhotoContent" time="4.729"/>
  <testcase classname="com.apdr.testcases.AddPhotoContent" name="click_On_SaveButton" time="2.379"/>
  <testcase classname="com.apdr.testcases.AddVideoContent" name="hover_Over_Content_Button" time="0.987"/>
  <testcase classname="com.apdr.testcases.AddVideoContent" name="addVideoContent" time="3.755"/>
  <testcase classname="com.apdr.testcases.AddVideoContent" name="add_Slug_Headline_Source_For_Video" time="0.201"/>
  <testcase classname="com.apdr.testcases.AddVideoContent" name="addVideoFile" time="3.825"/>
  <testcase classname="com.apdr.testcases.AddVideoContent" name="add_Body_For_Video" time="10.122"/>
  <testcase classname="com.apdr.testcases.AddVideoContent" name="clickOnSaveButton" time="7.12"/>
  <testcase classname="com.apdr.testcases.Guidedownload" name="Click_On_Reference_Button" time="11.466"/>
  <testcase classname="com.apdr.setup.TestBase" name="@BeforeTest initialization" time="0.0">
    <ignored/>
  </testcase> <!-- @BeforeTest initialization -->
  <testcase classname="com.apdr.setup.TestBase" name="@BeforeTest initialization" time="0.0">
    <ignored/>
  </testcase> <!-- @BeforeTest initialization -->
  <testcase classname="com.apdr.setup.TestBase" name="@BeforeTest initialization" time="0.0">
    <ignored/>
  </testcase> <!-- @BeforeTest initialization -->
  <testcase classname="com.apdr.setup.TestBase" name="@BeforeTest initialization" time="0.0">
    <ignored/>
  </testcase> <!-- @BeforeTest initialization -->
  <testcase classname="com.apdr.setup.TestBase" name="@BeforeTest initialization" time="0.0">
    <ignored/>
  </testcase> <!-- @BeforeTest initialization -->
  <testcase classname="com.apdr.setup.TestBase" name="@BeforeTest initialization" time="0.0">
    <ignored/>
  </testcase> <!-- @BeforeTest initialization -->
</testsuite> <!--  TestCases for Admin Role  -->
