<?xml version="1.0" encoding="UTF-8"?>
<!-- Generated by org.testng.reporters.JUnitXMLReporter -->
<testsuite ignored="5" hostname="ISBLT-9310" failures="0" tests="29" name=" TestCases for Author Role " time="56.749" errors="0" timestamp="2023-07-11T18:02:52 PKT">
  <testcase classname="com.apdr.testcases.AuthorLogin" name="loginToApDr" time="8.339"/>
  <testcase classname="com.apdr.testcases.AddAudioContent" name="hover_Over_Content_Button" time="0.817"/>
  <testcase classname="com.apdr.testcases.AddAudioContent" name="addVideoContent" time="1.454"/>
  <testcase classname="com.apdr.testcases.AddAudioContent" name="add_Slug_Speaker_Intro_For_Audio" time="0.167"/>
  <testcase classname="com.apdr.testcases.AddAudioContent" name="addVideoFile" time="2.036"/>
  <testcase classname="com.apdr.testcases.AddAudioContent" name="clickOnSaveButton" time="4.069"/>
  <testcase classname="com.apdr.testcases.NewsAlertContent" name="hover_Over_Content_Button" time="0.567"/>
  <testcase classname="com.apdr.testcases.NewsAlertContent" name="addVideoContent" time="1.252"/>
  <testcase classname="com.apdr.testcases.NewsAlertContent" name="add_News_Alert_Slug" time="0.048"/>
  <testcase classname="com.apdr.testcases.NewsAlertContent" name="add__Alert_News" time="0.054"/>
  <testcase classname="com.apdr.testcases.NewsAlertContent" name="add_DateLine_For_News_Alert" time="0.045"/>
  <testcase classname="com.apdr.testcases.NewsAlertContent" name="select_News_Alert_Category" time="0.075"/>
  <testcase classname="com.apdr.testcases.NewsAlertContent" name="add_EdsNote_For_News_Alert" time="0.039"/>
  <testcase classname="com.apdr.testcases.NewsAlertContent" name="click_Save_Button" time="1.389"/>
  <testcase classname="com.apdr.testcases.AddPhotoContent" name="hover_Over_Content_Button" time="0.786"/>
  <testcase classname="com.apdr.testcases.AddPhotoContent" name="addPhotoContent" time="6.531"/>
  <testcase classname="com.apdr.testcases.AddPhotoContent" name="click_On_SaveButton" time="6.668"/>
  <testcase classname="com.apdr.testcases.AddNewsStoryContent" name="hover_Over_Content_Button" time="1.212"/>
  <testcase classname="com.apdr.testcases.AddNewsStoryContent" name="clickOnNewsStoryLink" time="2.14"/>
  <testcase classname="com.apdr.testcases.AddNewsStoryContent" name="addSlugForNewStory" time="0.054"/>
  <testcase classname="com.apdr.testcases.AddNewsStoryContent" name="addheadLineForNewStory" time="0.065"/>
  <testcase classname="com.apdr.testcases.AddNewsStoryContent" name="addsummaryForNewStory" time="0.058"/>
  <testcase classname="com.apdr.testcases.AddNewsStoryContent" name="addbodyForNewStory" time="0.083"/>
  <testcase classname="com.apdr.testcases.AddNewsStoryContent" name="addByLineAndByTitleForNewStory" time="0.106"/>
  <testcase classname="com.apdr.testcases.AddNewsStoryContent" name="adddateLineForNewStory" time="0.046"/>
  <testcase classname="com.apdr.testcases.AddNewsStoryContent" name="selectNewsStoryCategory" time="0.078"/>
  <testcase classname="com.apdr.testcases.AddNewsStoryContent" name="addEdsNoteForNewStory" time="0.064"/>
  <testcase classname="com.apdr.testcases.AddNewsStoryContent" name="clickOnSaveButton" time="1.434"/>
  <testcase classname="com.apdr.testcases.Guidedownload" name="Click_On_Reference_Button" time="11.327"/>
  <testcase classname="com.apdr.setup.TestBase" name="@BeforeTest initialization" time="0.0">
    <ignored/>
  </testcase> <!-- @BeforeTest initialization -->
  <testcase classname="com.apdr.setup.TestBase" name="@BeforeTest initialization" time="0.0">
    <ignored/>
  </testcase> <!-- @BeforeTest initialization -->
  <testcase classname="com.apdr.setup.TestBase" name="@BeforeTest initialization" time="0.0">
    <ignored/>
  </testcase> <!-- @BeforeTest initialization -->
  <testcase classname="com.apdr.setup.TestBase" name="@BeforeTest initialization" time="0.0">
    <ignored/>
  </testcase> <!-- @BeforeTest initialization -->
  <testcase classname="com.apdr.setup.TestBase" name="@BeforeTest initialization" time="0.0">
    <ignored/>
  </testcase> <!-- @BeforeTest initialization -->
</testsuite> <!--  TestCases for Author Role  -->
