<?xml version="1.0" encoding="UTF-8"?>
<!-- Generated by org.testng.reporters.JUnitXMLReporter -->
<testsuite ignored="1" hostname="ISBLT-9310" failures="0" tests="9" name="Regression Test Suite " time="51.085" errors="0" timestamp="2023-06-01T22:51:38 PKT">
  <testcase classname="com.apdr.testcases.LogInTestCases" name="loginToApDr" time="23.019"/>
  <testcase classname="com.apdr.testcases.NewsAlertContent" name="hover_Over_Content_Button" time="4.125"/>
  <testcase classname="com.apdr.testcases.NewsAlertContent" name="addVideoContent" time="6.509"/>
  <testcase classname="com.apdr.testcases.NewsAlertContent" name="add_News_Alert_Slug" time="0.066"/>
  <testcase classname="com.apdr.testcases.NewsAlertContent" name="add__Alert_News" time="0.074"/>
  <testcase classname="com.apdr.testcases.NewsAlertContent" name="add_DateLine_For_News_Alert" time="0.063"/>
  <testcase classname="com.apdr.testcases.NewsAlertContent" name="select_News_Alert_Category" time="0.133"/>
  <testcase classname="com.apdr.testcases.NewsAlertContent" name="add_EdsNote_For_News_Alert" time="0.051"/>
  <testcase classname="com.apdr.testcases.NewsAlertContent" name="click_Save_Button" time="6.48"/>
  <testcase classname="com.apdr.setup.TestBase" name="@BeforeTest initialization" time="0.0">
    <ignored/>
  </testcase> <!-- @BeforeTest initialization -->
</testsuite> <!-- Regression Test Suite  -->
