<?xml version="1.0" encoding="UTF-8"?>
<testng-results ignored="2" total="11" passed="9" failed="0" skipped="0">
  <reporter-output>
  </reporter-output>
  <suite started-at="2023-06-02T20:26:12 PKT" name="Suite" finished-at="2023-06-02T20:26:51 PKT" duration-ms="39343">
    <groups>
    </groups>
    <test started-at="2023-06-02T20:26:12 PKT" name="Regression Test Suite " finished-at="2023-06-02T20:26:51 PKT" duration-ms="39343">
      <class name="com.apdr.testcases.AddPhotoContent">
        <test-method is-config="true" signature="addContentInitialization()[pri:0, instance:com.apdr.testcases.AddPhotoContent@3f9342d4]" started-at="2023-06-02T20:26:18 PKT" name="addContentInitialization" finished-at="2023-06-02T20:26:18 PKT" depends-on-methods="com.apdr.setup.TestBase.initialization" duration-ms="4" status="PASS">
          <reporter-output>
          </reporter-output>
        </test-method> <!-- addContentInitialization -->
        <test-method signature="hover_Over_Content_Button()[pri:1, instance:com.apdr.testcases.AddPhotoContent@3f9342d4]" started-at="2023-06-02T20:26:45 PKT" name="hover_Over_Content_Button" finished-at="2023-06-02T20:26:46 PKT" duration-ms="798" status="PASS">
          <reporter-output>
          </reporter-output>
        </test-method> <!-- hover_Over_Content_Button -->
        <test-method signature="addPhotoContent(java.lang.String)[pri:2, instance:com.apdr.testcases.AddPhotoContent@3f9342d4]" started-at="2023-06-02T20:26:46 PKT" name="addPhotoContent" data-provider="imageDataProvider" finished-at="2023-06-02T20:26:49 PKT" duration-ms="3102" status="PASS">
          <params>
            <param index="0">
              <value>
                <![CDATA[Image upload through upgraded Automation testing script,Nature scenre,Add pakistani Mountaine images,Pakistan,punjab,Islamabad,find the best stock byline photo,find the best byTitile photo,AP,find the best credit line photo,Please don't copy this image,add transref for the best photo,International Category,verification test;]]>
              </value>
            </param>
          </params>
          <reporter-output>
          </reporter-output>
        </test-method> <!-- addPhotoContent -->
        <test-method signature="click_On_SaveButton()[pri:3, instance:com.apdr.testcases.AddPhotoContent@3f9342d4]" started-at="2023-06-02T20:26:49 PKT" name="click_On_SaveButton" finished-at="2023-06-02T20:26:51 PKT" duration-ms="1817" status="PASS">
          <reporter-output>
          </reporter-output>
        </test-method> <!-- click_On_SaveButton -->
        <test-method is-config="true" signature="teardown()[pri:0, instance:com.apdr.testcases.AddPhotoContent@3f9342d4]" started-at="2023-06-02T20:26:51 PKT" name="teardown" finished-at="2023-06-02T20:26:51 PKT" duration-ms="1" status="PASS">
          <reporter-output>
          </reporter-output>
        </test-method> <!-- teardown -->
      </class> <!-- com.apdr.testcases.AddPhotoContent -->
      <class name="com.apdr.testcases.AddAudioContent">
        <test-method is-config="true" signature="addContentInitialization()[pri:0, instance:com.apdr.testcases.AddAudioContent@7331196b]" started-at="2023-06-02T20:26:18 PKT" name="addContentInitialization" finished-at="2023-06-02T20:26:18 PKT" depends-on-methods="com.apdr.setup.TestBase.initialization" duration-ms="24" status="PASS">
          <reporter-output>
          </reporter-output>
        </test-method> <!-- addContentInitialization -->
        <test-method signature="hover_Over_Content_Button()[pri:1, instance:com.apdr.testcases.AddAudioContent@7331196b]" started-at="2023-06-02T20:26:27 PKT" name="hover_Over_Content_Button" finished-at="2023-06-02T20:26:28 PKT" duration-ms="976" status="PASS">
          <reporter-output>
          </reporter-output>
        </test-method> <!-- hover_Over_Content_Button -->
        <test-method signature="addVideoContent()[pri:2, instance:com.apdr.testcases.AddAudioContent@7331196b]" started-at="2023-06-02T20:26:28 PKT" name="addVideoContent" finished-at="2023-06-02T20:26:30 PKT" duration-ms="2240" status="PASS">
          <reporter-output>
          </reporter-output>
        </test-method> <!-- addVideoContent -->
        <test-method signature="add_Slug_Speaker_Intro_For_Audio(java.lang.String)[pri:3, instance:com.apdr.testcases.AddAudioContent@7331196b]" started-at="2023-06-02T20:26:30 PKT" name="add_Slug_Speaker_Intro_For_Audio" data-provider="audioDataProvider" finished-at="2023-06-02T20:26:30 PKT" duration-ms="194" status="PASS">
          <params>
            <param index="0">
              <value>
                <![CDATA[Audio upload through upgraded Automation testing script,Audionic,Audionic is the #1 Audio Brand in Pakistan.]]>
              </value>
            </param>
          </params>
          <reporter-output>
          </reporter-output>
        </test-method> <!-- add_Slug_Speaker_Intro_For_Audio -->
        <test-method signature="addVideoFile()[pri:4, instance:com.apdr.testcases.AddAudioContent@7331196b]" started-at="2023-06-02T20:26:30 PKT" name="addVideoFile" finished-at="2023-06-02T20:26:32 PKT" duration-ms="2195" status="PASS">
          <reporter-output>
          </reporter-output>
        </test-method> <!-- addVideoFile -->
        <test-method signature="clickOnSaveButton()[pri:5, instance:com.apdr.testcases.AddAudioContent@7331196b]" started-at="2023-06-02T20:26:32 PKT" name="clickOnSaveButton" finished-at="2023-06-02T20:26:45 PKT" duration-ms="12962" status="PASS">
          <reporter-output>
          </reporter-output>
        </test-method> <!-- clickOnSaveButton -->
        <test-method is-config="true" signature="teardown()[pri:0, instance:com.apdr.testcases.AddAudioContent@7331196b]" started-at="2023-06-02T20:26:51 PKT" name="teardown" finished-at="2023-06-02T20:26:51 PKT" duration-ms="172" status="PASS">
          <reporter-output>
          </reporter-output>
        </test-method> <!-- teardown -->
      </class> <!-- com.apdr.testcases.AddAudioContent -->
      <class name="com.apdr.testcases.LogInTestCases">
        <test-method is-config="true" signature="initialization()[pri:0, instance:com.apdr.testcases.LogInTestCases@524f3b3a]" started-at="2023-06-02T20:26:12 PKT" name="initialization" finished-at="2023-06-02T20:26:18 PKT" duration-ms="6183" status="PASS">
          <reporter-output>
          </reporter-output>
        </test-method> <!-- initialization -->
        <test-method is-config="true" signature="loginIntialization()[pri:0, instance:com.apdr.testcases.LogInTestCases@524f3b3a]" started-at="2023-06-02T20:26:18 PKT" name="loginIntialization" finished-at="2023-06-02T20:26:18 PKT" depends-on-methods="com.apdr.setup.TestBase.initialization" duration-ms="1" status="PASS">
          <reporter-output>
          </reporter-output>
        </test-method> <!-- loginIntialization -->
        <test-method signature="loginToApDr(java.lang.String)[pri:1, instance:com.apdr.testcases.LogInTestCases@524f3b3a]" started-at="2023-06-02T20:26:18 PKT" name="loginToApDr" data-provider="adminCredentials" finished-at="2023-06-02T20:26:27 PKT" duration-ms="8537" status="PASS">
          <params>
            <param index="0">
              <value>
                <![CDATA[ripcord@ap.org,admin,Test engineer,aptest]]>
              </value>
            </param>
          </params>
          <reporter-output>
          </reporter-output>
        </test-method> <!-- loginToApDr -->
        <test-method is-config="true" signature="teardown()[pri:0, instance:com.apdr.testcases.LogInTestCases@524f3b3a]" started-at="2023-06-02T20:26:51 PKT" name="teardown" finished-at="2023-06-02T20:26:51 PKT" duration-ms="0" status="PASS">
          <reporter-output>
          </reporter-output>
        </test-method> <!-- teardown -->
      </class> <!-- com.apdr.testcases.LogInTestCases -->
    </test> <!-- Regression Test Suite  -->
  </suite> <!-- Suite -->
</testng-results>
